# JRE version: Java(TM) SE Runtime Environment (8.0_31-b13) (build 1.8.0_31-b13)
# Java VM: Java HotSpot(TM) 64-Bit Server VM (25.31-b07 mixed mode linux-amd64 compressed oops)
Heap:
 PSYoungGen      total 303616K, used 189932K [0x00000000eb900000, 0x0000000100000000, 0x0000000100000000)
  eden space 271360K, 69% used [0x00000000eb900000,0x00000000f727b200,0x00000000fc200000)
  from space 32256K, 0% used [0x00000000fe080000,0x00000000fe080000,0x0000000100000000)
  to   space 31232K, 0% used [0x00000000fc200000,0x00000000fc200000,0x00000000fe080000)
 ParOldGen       total 163328K, used 58475K [0x00000000c2a00000, 0x00000000cc980000, 0x00000000eb900000)
  object space 163328K, 35% used [0x00000000c2a00000,0x00000000c631af78,0x00000000cc980000)
 Metaspace       used 117215K, capacity 118412K, committed 118528K, reserved 1157120K
  class space    used 11299K, capacity 11673K, committed 11776K, reserved 1048576K
GC Heap History (10 events):
Event: 9,877 GC heap before
{Heap before GC invocations=17 (full 3):
 PSYoungGen      total 292864K, used 12885K [0x00000000eb900000, 0x00000000ffb80000, 0x0000000100000000)
  eden space 274944K, 0% used [0x00000000eb900000,0x00000000eb900000,0x00000000fc580000)
  from space 17920K, 71% used [0x00000000fd800000,0x00000000fe495590,0x00000000fe980000)
  to   space 18944K, 0% used [0x00000000fc580000,0x00000000fc580000,0x00000000fd800000)
 ParOldGen       total 73216K, used 48665K [0x00000000c2a00000, 0x00000000c7180000, 0x00000000eb900000)
  object space 73216K, 66% used [0x00000000c2a00000,0x00000000c5986740,0x00000000c7180000)
 Metaspace       used 48952K, capacity 49366K, committed 49664K, reserved 1093632K
  class space    used 6209K, capacity 6293K, committed 6400K, reserved 1048576K
Event: 10,118 GC heap after
Heap after GC invocations=17 (full 3):
 PSYoungGen      total 292864K, used 0K [0x00000000eb900000, 0x00000000ffb80000, 0x0000000100000000)
  eden space 274944K, 0% used [0x00000000eb900000,0x00000000eb900000,0x00000000fc580000)
  from space 17920K, 0% used [0x00000000fd800000,0x00000000fd800000,0x00000000fe980000)
  to   space 18944K, 0% used [0x00000000fc580000,0x00000000fc580000,0x00000000fd800000)
 ParOldGen       total 112640K, used 50450K [0x00000000c2a00000, 0x00000000c9800000, 0x00000000eb900000)
  object space 112640K, 44% used [0x00000000c2a00000,0x00000000c5b44870,0x00000000c9800000)
 Metaspace       used 48952K, capacity 49366K, committed 49664K, reserved 1093632K
  class space    used 6209K, capacity 6293K, committed 6400K, reserved 1048576K
}
Event: 403,592 GC heap before
{Heap before GC invocations=18 (full 3):
 PSYoungGen      total 292864K, used 255860K [0x00000000eb900000, 0x00000000ffb80000, 0x0000000100000000)
  eden space 274944K, 93% used [0x00000000eb900000,0x00000000fb2dd360,0x00000000fc580000)
  from space 17920K, 0% used [0x00000000fd800000,0x00000000fd800000,0x00000000fe980000)
  to   space 18944K, 0% used [0x00000000fc580000,0x00000000fc580000,0x00000000fd800000)
 ParOldGen       total 112640K, used 50450K [0x00000000c2a00000, 0x00000000c9800000, 0x00000000eb900000)
  object space 112640K, 44% used [0x00000000c2a00000,0x00000000c5b44870,0x00000000c9800000)
 Metaspace       used 81584K, capacity 82590K, committed 82776K, reserved 1122304K
  class space    used 9551K, capacity 9884K, committed 9984K, reserved 1048576K
Event: 404,109 GC heap after
Heap after GC invocations=18 (full 3):
 PSYoungGen      total 293888K, used 18940K [0x00000000eb900000, 0x0000000100000000, 0x0000000100000000)
  eden space 274944K, 0% used [0x00000000eb900000,0x00000000eb900000,0x00000000fc580000)
  from space 18944K, 99% used [0x00000000fc580000,0x00000000fd7ff148,0x00000000fd800000)
  to   space 32256K, 0% used [0x00000000fe080000,0x00000000fe080000,0x0000000100000000)
 ParOldGen       total 112640K, used 78829K [0x00000000c2a00000, 0x00000000c9800000, 0x00000000eb900000)
  object space 112640K, 69% used [0x00000000c2a00000,0x00000000c76fb5d8,0x00000000c9800000)
 Metaspace       used 81584K, capacity 82590K, committed 82776K, reserved 1122304K
  class space    used 9551K, capacity 9884K, committed 9984K, reserved 1048576K
}
Event: 404,109 GC heap before
{Heap before GC invocations=19 (full 4):
 PSYoungGen      total 293888K, used 18940K [0x00000000eb900000, 0x0000000100000000, 0x0000000100000000)
  eden space 274944K, 0% used [0x00000000eb900000,0x00000000eb900000,0x00000000fc580000)
  from space 18944K, 99% used [0x00000000fc580000,0x00000000fd7ff148,0x00000000fd800000)
  to   space 32256K, 0% used [0x00000000fe080000,0x00000000fe080000,0x0000000100000000)
 ParOldGen       total 112640K, used 78829K [0x00000000c2a00000, 0x00000000c9800000, 0x00000000eb900000)
  object space 112640K, 69% used [0x00000000c2a00000,0x00000000c76fb5d8,0x00000000c9800000)
 Metaspace       used 81584K, capacity 82590K, committed 82776K, reserved 1122304K
  class space    used 9551K, capacity 9884K, committed 9984K, reserved 1048576K
Event: 404,437 GC heap after
Heap after GC invocations=19 (full 4):
 PSYoungGen      total 293888K, used 0K [0x00000000eb900000, 0x0000000100000000, 0x0000000100000000)
  eden space 274944K, 0% used [0x00000000eb900000,0x00000000eb900000,0x00000000fc580000)
  from space 18944K, 0% used [0x00000000fc580000,0x00000000fc580000,0x00000000fd800000)
  to   space 32256K, 0% used [0x00000000fe080000,0x00000000fe080000,0x0000000100000000)
 ParOldGen       total 179200K, used 90391K [0x00000000c2a00000, 0x00000000cd900000, 0x00000000eb900000)
  object space 179200K, 50% used [0x00000000c2a00000,0x00000000c8245cc8,0x00000000cd900000)
 Metaspace       used 81584K, capacity 82590K, committed 82776K, reserved 1122304K
  class space    used 9551K, capacity 9884K, committed 9984K, reserved 1048576K
}
Event: 614,637 GC heap before
{Heap before GC invocations=20 (full 4):
 PSYoungGen      total 293888K, used 121683K [0x00000000eb900000, 0x0000000100000000, 0x0000000100000000)
  eden space 274944K, 44% used [0x00000000eb900000,0x00000000f2fd4f40,0x00000000fc580000)
  from space 18944K, 0% used [0x00000000fc580000,0x00000000fc580000,0x00000000fd800000)
  to   space 32256K, 0% used [0x00000000fe080000,0x00000000fe080000,0x0000000100000000)
 ParOldGen       total 179200K, used 90391K [0x00000000c2a00000, 0x00000000cd900000, 0x00000000eb900000)
  object space 179200K, 50% used [0x00000000c2a00000,0x00000000c8245cc8,0x00000000cd900000)
 Metaspace       used 116870K, capacity 118098K, committed 118272K, reserved 1155072K
  class space    used 11299K, capacity 11674K, committed 11776K, reserved 1048576K
Event: 614,668 GC heap after
Heap after GC invocations=20 (full 4):
 PSYoungGen      total 303616K, used 7902K [0x00000000eb900000, 0x0000000100000000, 0x0000000100000000)
  eden space 271360K, 0% used [0x00000000eb900000,0x00000000eb900000,0x00000000fc200000)
  from space 32256K, 24% used [0x00000000fe080000,0x00000000fe837838,0x0000000100000000)
  to   space 31232K, 0% used [0x00000000fc200000,0x00000000fc200000,0x00000000fe080000)
 ParOldGen       total 179200K, used 90399K [0x00000000c2a00000, 0x00000000cd900000, 0x00000000eb900000)
  object space 179200K, 50% used [0x00000000c2a00000,0x00000000c8247cc8,0x00000000cd900000)
 Metaspace       used 116870K, capacity 118098K, committed 118272K, reserved 1155072K
  class space    used 11299K, capacity 11674K, committed 11776K, reserved 1048576K
}
Event: 614,668 GC heap before
{Heap before GC invocations=21 (full 5):
 PSYoungGen      total 303616K, used 7902K [0x00000000eb900000, 0x0000000100000000, 0x0000000100000000)
  eden space 271360K, 0% used [0x00000000eb900000,0x00000000eb900000,0x00000000fc200000)
  from space 32256K, 24% used [0x00000000fe080000,0x00000000fe837838,0x0000000100000000)
  to   space 31232K, 0% used [0x00000000fc200000,0x00000000fc200000,0x00000000fe080000)
 ParOldGen       total 179200K, used 90399K [0x00000000c2a00000, 0x00000000cd900000, 0x00000000eb900000)
  object space 179200K, 50% used [0x00000000c2a00000,0x00000000c8247cc8,0x00000000cd900000)
 Metaspace       used 116870K, capacity 118098K, committed 118272K, reserved 1155072K
  class space    used 11299K, capacity 11674K, committed 11776K, reserved 1048576K
Event: 614,812 GC heap after
Heap after GC invocations=21 (full 5):
 PSYoungGen      total 303616K, used 0K [0x00000000eb900000, 0x0000000100000000, 0x0000000100000000)
  eden space 271360K, 0% used [0x00000000eb900000,0x00000000eb900000,0x00000000fc200000)
  from space 32256K, 0% used [0x00000000fe080000,0x00000000fe080000,0x0000000100000000)
  to   space 31232K, 0% used [0x00000000fc200000,0x00000000fc200000,0x00000000fe080000)
 ParOldGen       total 163328K, used 58475K [0x00000000c2a00000, 0x00000000cc980000, 0x00000000eb900000)
  object space 163328K, 35% used [0x00000000c2a00000,0x00000000c631af78,0x00000000cc980000)
 Metaspace       used 116869K, capacity 118092K, committed 118272K, reserved 1155072K
  class space    used 11299K, capacity 11673K, committed 11776K, reserved 1048576K
}

