# JRE version: Java(TM) SE Runtime Environment (8.0_31-b13) (build 1.8.0_31-b13)
# Java VM: Java HotSpot(TM) 64-Bit Server VM (25.31-b07 mixed mode linux-amd64 compressed oops)
Heap:
 PSYoungGen      total 291840K, used 195488K [0x00000000eb900000, 0x0000000100000000, 0x0000000100000000)
  eden space 271360K, 72% used [0x00000000eb900000,0x00000000f77e8108,0x00000000fc200000)
  from space 20480K, 0% used [0x00000000fc200000,0x00000000fc200000,0x00000000fd600000)
  to   space 32768K, 0% used [0x00000000fe000000,0x00000000fe000000,0x0000000100000000)
 ParOldGen       total 168448K, used 68228K [0x00000000c2a00000, 0x00000000cce80000, 0x00000000eb900000)
  object space 168448K, 40% used [0x00000000c2a00000,0x00000000c6ca11d8,0x00000000cce80000)
 Metaspace       used 115694K, capacity 116856K, committed 117036K, reserved 1155072K
  class space    used 10697K, capacity 11278K, committed 11308K, reserved 1048576K
GC Heap History (10 events):
Event: 606,636 GC heap before
{Heap before GC invocations=22 (full 3):
 PSYoungGen      total 289792K, used 150920K [0x00000000eb900000, 0x00000000ff600000, 0x0000000100000000)
  eden space 280576K, 50% used [0x00000000eb900000,0x00000000f43a61f0,0x00000000fcb00000)
  from space 9216K, 97% used [0x00000000fed00000,0x00000000ff5bbf20,0x00000000ff600000)
  to   space 16384K, 0% used [0x00000000fd600000,0x00000000fd600000,0x00000000fe600000)
 ParOldGen       total 104960K, used 49643K [0x00000000c2a00000, 0x00000000c9080000, 0x00000000eb900000)
  object space 104960K, 47% used [0x00000000c2a00000,0x00000000c5a7ade0,0x00000000c9080000)
 Metaspace       used 86253K, capacity 87384K, committed 87468K, reserved 1126400K
  class space    used 9528K, capacity 10122K, committed 10156K, reserved 1048576K
Event: 606,705 GC heap after
Heap after GC invocations=22 (full 3):
 PSYoungGen      total 308224K, used 16366K [0x00000000eb900000, 0x0000000100000000, 0x0000000100000000)
  eden space 291840K, 0% used [0x00000000eb900000,0x00000000eb900000,0x00000000fd600000)
  from space 16384K, 99% used [0x00000000fd600000,0x00000000fe5fb948,0x00000000fe600000)
  to   space 26624K, 0% used [0x00000000fe600000,0x00000000fe600000,0x0000000100000000)
 ParOldGen       total 104960K, used 74454K [0x00000000c2a00000, 0x00000000c9080000, 0x00000000eb900000)
  object space 104960K, 70% used [0x00000000c2a00000,0x00000000c72b5b18,0x00000000c9080000)
 Metaspace       used 86253K, capacity 87384K, committed 87468K, reserved 1126400K
  class space    used 9528K, capacity 10122K, committed 10156K, reserved 1048576K
}
Event: 606,706 GC heap before
{Heap before GC invocations=23 (full 4):
 PSYoungGen      total 308224K, used 16366K [0x00000000eb900000, 0x0000000100000000, 0x0000000100000000)
  eden space 291840K, 0% used [0x00000000eb900000,0x00000000eb900000,0x00000000fd600000)
  from space 16384K, 99% used [0x00000000fd600000,0x00000000fe5fb948,0x00000000fe600000)
  to   space 26624K, 0% used [0x00000000fe600000,0x00000000fe600000,0x0000000100000000)
 ParOldGen       total 104960K, used 74454K [0x00000000c2a00000, 0x00000000c9080000, 0x00000000eb900000)
  object space 104960K, 70% used [0x00000000c2a00000,0x00000000c72b5b18,0x00000000c9080000)
 Metaspace       used 86253K, capacity 87384K, committed 87468K, reserved 1126400K
  class space    used 9528K, capacity 10122K, committed 10156K, reserved 1048576K
Event: 606,836 GC heap after
Heap after GC invocations=23 (full 4):
 PSYoungGen      total 308224K, used 0K [0x00000000eb900000, 0x0000000100000000, 0x0000000100000000)
  eden space 291840K, 0% used [0x00000000eb900000,0x00000000eb900000,0x00000000fd600000)
  from space 16384K, 0% used [0x00000000fd600000,0x00000000fd600000,0x00000000fe600000)
  to   space 26624K, 0% used [0x00000000fe600000,0x00000000fe600000,0x0000000100000000)
 ParOldGen       total 165888K, used 84360K [0x00000000c2a00000, 0x00000000ccc00000, 0x00000000eb900000)
  object space 165888K, 50% used [0x00000000c2a00000,0x00000000c7c62250,0x00000000ccc00000)
 Metaspace       used 86253K, capacity 87384K, committed 87468K, reserved 1126400K
  class space    used 9528K, capacity 10122K, committed 10156K, reserved 1048576K
}
Event: 907,955 GC heap before
{Heap before GC invocations=24 (full 4):
 PSYoungGen      total 308224K, used 291840K [0x00000000eb900000, 0x0000000100000000, 0x0000000100000000)
  eden space 291840K, 100% used [0x00000000eb900000,0x00000000fd600000,0x00000000fd600000)
  from space 16384K, 0% used [0x00000000fd600000,0x00000000fd600000,0x00000000fe600000)
  to   space 26624K, 0% used [0x00000000fe600000,0x00000000fe600000,0x0000000100000000)
 ParOldGen       total 165888K, used 84360K [0x00000000c2a00000, 0x00000000ccc00000, 0x00000000eb900000)
  object space 165888K, 50% used [0x00000000c2a00000,0x00000000c7c62250,0x00000000ccc00000)
 Metaspace       used 114362K, capacity 115532K, committed 115756K, reserved 1153024K
  class space    used 10698K, capacity 11282K, committed 11308K, reserved 1048576K
Event: 908,049 GC heap after
Heap after GC invocations=24 (full 4):
 PSYoungGen      total 297984K, used 25200K [0x00000000eb900000, 0x0000000100000000, 0x0000000100000000)
  eden space 271360K, 0% used [0x00000000eb900000,0x00000000eb900000,0x00000000fc200000)
  from space 26624K, 94% used [0x00000000fe600000,0x00000000ffe9c030,0x0000000100000000)
  to   space 31744K, 0% used [0x00000000fc200000,0x00000000fc200000,0x00000000fe100000)
 ParOldGen       total 165888K, used 84368K [0x00000000c2a00000, 0x00000000ccc00000, 0x00000000eb900000)
  object space 165888K, 50% used [0x00000000c2a00000,0x00000000c7c64250,0x00000000ccc00000)
 Metaspace       used 114362K, capacity 115532K, committed 115756K, reserved 1153024K
  class space    used 10698K, capacity 11282K, committed 11308K, reserved 1048576K
}
Event: 1100,370 GC heap before
{Heap before GC invocations=25 (full 4):
 PSYoungGen      total 297984K, used 202762K [0x00000000eb900000, 0x0000000100000000, 0x0000000100000000)
  eden space 271360K, 65% used [0x00000000eb900000,0x00000000f6666940,0x00000000fc200000)
  from space 26624K, 94% used [0x00000000fe600000,0x00000000ffe9c030,0x0000000100000000)
  to   space 31744K, 0% used [0x00000000fc200000,0x00000000fc200000,0x00000000fe100000)
 ParOldGen       total 165888K, used 84368K [0x00000000c2a00000, 0x00000000ccc00000, 0x00000000eb900000)
  object space 165888K, 50% used [0x00000000c2a00000,0x00000000c7c64250,0x00000000ccc00000)
 Metaspace       used 115345K, capacity 116496K, committed 116780K, reserved 1155072K
  class space    used 10699K, capacity 11282K, committed 11308K, reserved 1048576K
Event: 1100,415 GC heap after
Heap after GC invocations=25 (full 4):
 PSYoungGen      total 291840K, used 20272K [0x00000000eb900000, 0x0000000100000000, 0x0000000100000000)
  eden space 271360K, 0% used [0x00000000eb900000,0x00000000eb900000,0x00000000fc200000)
  from space 20480K, 98% used [0x00000000fc200000,0x00000000fd5cc030,0x00000000fd600000)
  to   space 32768K, 0% used [0x00000000fe000000,0x00000000fe000000,0x0000000100000000)
 ParOldGen       total 165888K, used 84376K [0x00000000c2a00000, 0x00000000ccc00000, 0x00000000eb900000)
  object space 165888K, 50% used [0x00000000c2a00000,0x00000000c7c66250,0x00000000ccc00000)
 Metaspace       used 115345K, capacity 116496K, committed 116780K, reserved 1155072K
  class space    used 10699K, capacity 11282K, committed 11308K, reserved 1048576K
}
Event: 1100,415 GC heap before
{Heap before GC invocations=26 (full 5):
 PSYoungGen      total 291840K, used 20272K [0x00000000eb900000, 0x0000000100000000, 0x0000000100000000)
  eden space 271360K, 0% used [0x00000000eb900000,0x00000000eb900000,0x00000000fc200000)
  from space 20480K, 98% used [0x00000000fc200000,0x00000000fd5cc030,0x00000000fd600000)
  to   space 32768K, 0% used [0x00000000fe000000,0x00000000fe000000,0x0000000100000000)
 ParOldGen       total 165888K, used 84376K [0x00000000c2a00000, 0x00000000ccc00000, 0x00000000eb900000)
  object space 165888K, 50% used [0x00000000c2a00000,0x00000000c7c66250,0x00000000ccc00000)
 Metaspace       used 115345K, capacity 116496K, committed 116780K, reserved 1155072K
  class space    used 10699K, capacity 11282K, committed 11308K, reserved 1048576K
Event: 1100,630 GC heap after
Heap after GC invocations=26 (full 5):
 PSYoungGen      total 291840K, used 0K [0x00000000eb900000, 0x0000000100000000, 0x0000000100000000)
  eden space 271360K, 0% used [0x00000000eb900000,0x00000000eb900000,0x00000000fc200000)
  from space 20480K, 0% used [0x00000000fc200000,0x00000000fc200000,0x00000000fd600000)
  to   space 32768K, 0% used [0x00000000fe000000,0x00000000fe000000,0x0000000100000000)
 ParOldGen       total 168448K, used 68228K [0x00000000c2a00000, 0x00000000cce80000, 0x00000000eb900000)
  object space 168448K, 40% used [0x00000000c2a00000,0x00000000c6ca11d8,0x00000000cce80000)
 Metaspace       used 115338K, capacity 116472K, committed 116780K, reserved 1155072K
  class space    used 10697K, capacity 11278K, committed 11308K, reserved 1048576K
}

